2025-07-16 10:54:01 | INFO | Server running on http://localhost:3000
2025-07-16 10:55:59 | INFO | Server running on http://localhost:3000
2025-07-16 10:56:16 | INFO | Server running on http://localhost:3000
2025-07-16 10:58:58 | INFO | Server running on http://localhost:3000
2025-07-16 11:10:51 | INFO | Server running on http://localhost:3000
2025-07-16 11:20:16 | INFO | Server running on http://localhost:3000
2025-07-16 11:20:59 | INFO | Server running on http://localhost:3000
2025-07-16 11:21:04 | INFO | Server running on http://localhost:3000
2025-07-16 11:21:05 | INFO | Server running on http://localhost:3000
2025-07-16 11:21:06 | INFO | Server running on http://localhost:3000
2025-07-16 11:21:24 | INFO | Server running on http://localhost:3000
2025-07-16 11:21:26 | INFO | Server running on http://localhost:3000
2025-07-16 11:21:27 | INFO | Server running on http://localhost:3000
2025-07-16 11:21:28 | INFO | Server running on http://localhost:3000
2025-07-16 11:21:32 | INFO | Server running on http://localhost:3000
2025-07-16 11:21:32 | INFO | Server running on http://localhost:3000
2025-07-16 11:21:35 | INFO | Server running on http://localhost:3000
2025-07-16 11:21:36 | INFO | Server running on http://localhost:3000
2025-07-16 11:21:37 | INFO | Server running on http://localhost:3000
2025-07-16 11:21:38 | INFO | Server running on http://localhost:3000
2025-07-16 11:21:40 | INFO | Server running on http://localhost:3000
2025-07-16 11:21:41 | INFO | Server running on http://localhost:3000
2025-07-16 11:21:42 | INFO | Server running on http://localhost:3000
2025-07-16 11:21:43 | INFO | Server running on http://localhost:3000
2025-07-16 11:21:45 | INFO | Server running on http://localhost:3000
2025-07-16 11:21:47 | INFO | Server running on http://localhost:3000
2025-07-16 11:21:47 | INFO | Server running on http://localhost:3000
2025-07-16 11:21:49 | INFO | Server running on http://localhost:3000
2025-07-16 11:21:51 | INFO | Server running on http://localhost:3000
2025-07-16 11:21:52 | INFO | Server running on http://localhost:3000
2025-07-16 11:21:52 | INFO | Server running on http://localhost:3000
2025-07-16 11:21:54 | INFO | Server running on http://localhost:3000
2025-07-16 11:21:55 | INFO | Server running on http://localhost:3000
2025-07-16 11:21:56 | INFO | Server running on http://localhost:3000
2025-07-16 11:21:57 | INFO | Server running on http://localhost:3000
2025-07-16 11:21:59 | INFO | Server running on http://localhost:3000
2025-07-16 11:22:00 | INFO | Server running on http://localhost:3000
2025-07-16 11:22:01 | INFO | Server running on http://localhost:3000
2025-07-16 11:22:04 | INFO | Server running on http://localhost:3000
2025-07-16 11:22:07 | INFO | Server running on http://localhost:3000
2025-07-16 11:22:08 | INFO | Server running on http://localhost:3000
2025-07-16 11:22:09 | INFO | Server running on http://localhost:3000
2025-07-16 11:22:10 | INFO | Server running on http://localhost:3000
2025-07-16 11:22:12 | INFO | Server running on http://localhost:3000
2025-07-16 11:22:15 | INFO | Server running on http://localhost:3000
2025-07-16 11:22:17 | INFO | Server running on http://localhost:3000
2025-07-16 11:22:19 | INFO | Server running on http://localhost:3000
2025-07-16 11:22:20 | INFO | Server running on http://localhost:3000
2025-07-16 11:22:21 | INFO | Server running on http://localhost:3000
2025-07-16 11:22:23 | INFO | Server running on http://localhost:3000
2025-07-16 11:22:24 | INFO | Server running on http://localhost:3000
2025-07-16 11:22:26 | INFO | Server running on http://localhost:3000
2025-07-16 11:22:30 | INFO | Server running on http://localhost:3000
2025-07-16 11:22:31 | INFO | Server running on http://localhost:3000
2025-07-16 11:22:32 | INFO | Server running on http://localhost:3000
2025-07-16 11:22:33 | INFO | Server running on http://localhost:3000
2025-07-16 11:22:37 | INFO | Server running on http://localhost:3000
2025-07-16 11:22:40 | INFO | Server running on http://localhost:3000
2025-07-16 11:22:41 | INFO | Server running on http://localhost:3000
2025-07-16 11:22:45 | INFO | Server running on http://localhost:3000
2025-07-16 11:22:47 | INFO | Server running on http://localhost:3000
2025-07-16 11:22:56 | INFO | Server running on http://localhost:3000
2025-07-16 11:22:59 | INFO | Server running on http://localhost:3000
2025-07-16 11:23:02 | INFO | Server running on http://localhost:3000
2025-07-16 11:23:03 | INFO | Server running on http://localhost:3000
2025-07-16 11:23:04 | INFO | Server running on http://localhost:3000
2025-07-16 11:23:05 | INFO | Server running on http://localhost:3000
2025-07-16 11:23:06 | INFO | Server running on http://localhost:3000
2025-07-16 11:23:09 | INFO | Server running on http://localhost:3000
2025-07-16 11:23:11 | INFO | Server running on http://localhost:3000
2025-07-16 11:23:13 | INFO | Server running on http://localhost:3000
2025-07-16 11:23:15 | INFO | Server running on http://localhost:3000
2025-07-16 11:23:17 | INFO | Server running on http://localhost:3000
2025-07-16 11:23:18 | INFO | Server running on http://localhost:3000
2025-07-16 11:23:25 | INFO | Server running on http://localhost:3000
2025-07-16 11:23:30 | INFO | Server running on http://localhost:3000
2025-07-16 11:23:32 | INFO | Server running on http://localhost:3000
2025-07-16 11:23:33 | INFO | Server running on http://localhost:3000
2025-07-16 11:23:36 | INFO | Server running on http://localhost:3000
2025-07-16 11:23:37 | INFO | Server running on http://localhost:3000
2025-07-16 11:23:38 | INFO | Server running on http://localhost:3000
2025-07-16 11:23:39 | INFO | Server running on http://localhost:3000
2025-07-16 11:23:40 | INFO | Server running on http://localhost:3000
2025-07-16 11:23:42 | INFO | Server running on http://localhost:3000
2025-07-16 11:23:43 | INFO | Server running on http://localhost:3000
2025-07-16 11:23:45 | INFO | Server running on http://localhost:3000
2025-07-16 11:23:48 | INFO | Server running on http://localhost:3000
2025-07-16 11:23:52 | INFO | Server running on http://localhost:3000
2025-07-16 11:23:54 | INFO | Server running on http://localhost:3000
2025-07-16 11:24:40 | INFO | Server running on http://localhost:3000
2025-07-16 11:24:41 | INFO | Server running on http://localhost:3000
2025-07-16 11:24:42 | INFO | Server running on http://localhost:3000
2025-07-16 11:24:45 | INFO | Server running on http://localhost:3000
2025-07-16 11:24:46 | INFO | Server running on http://localhost:3000
2025-07-16 11:24:47 | INFO | Server running on http://localhost:3000
2025-07-16 11:24:48 | INFO | Server running on http://localhost:3000
2025-07-16 11:24:49 | INFO | Server running on http://localhost:3000
2025-07-16 11:24:51 | INFO | Server running on http://localhost:3000
2025-07-16 11:24:51 | INFO | Server running on http://localhost:3000
2025-07-16 11:26:41 | INFO | Server running on http://localhost:3000
2025-07-16 11:28:08 | INFO | Server running on http://localhost:3000
2025-07-16 11:28:11 | INFO | Server running on http://localhost:3000
2025-07-16 11:28:11 | INFO | Server running on http://localhost:3000
2025-07-16 11:28:21 | INFO | Server running on http://localhost:3000
2025-07-16 11:28:26 | INFO | Server running on http://localhost:3000
2025-07-16 11:28:28 | INFO | Server running on http://localhost:3000
2025-07-16 11:28:30 | INFO | Server running on http://localhost:3000
2025-07-16 11:28:31 | INFO | Server running on http://localhost:3000
2025-07-16 11:28:33 | INFO | Server running on http://localhost:3000
2025-07-16 11:28:35 | INFO | Server running on http://localhost:3000
2025-07-16 11:28:37 | INFO | Server running on http://localhost:3000
2025-07-16 11:28:38 | INFO | Server running on http://localhost:3000
2025-07-16 11:28:39 | INFO | Server running on http://localhost:3000
2025-07-16 11:28:40 | INFO | Server running on http://localhost:3000
2025-07-16 11:28:45 | INFO | Server running on http://localhost:3000
2025-07-16 11:28:54 | INFO | Server running on http://localhost:3000
2025-07-16 11:28:55 | INFO | Server running on http://localhost:3000
2025-07-16 11:28:57 | INFO | Server running on http://localhost:3000
2025-07-16 11:28:58 | INFO | Server running on http://localhost:3000
2025-07-16 11:28:59 | INFO | Server running on http://localhost:3000
2025-07-16 11:28:59 | INFO | Server running on http://localhost:3000
2025-07-16 11:29:00 | INFO | Server running on http://localhost:3000
2025-07-16 11:29:01 | INFO | Server running on http://localhost:3000
2025-07-16 11:29:03 | INFO | Server running on http://localhost:3000
2025-07-16 11:29:04 | INFO | Server running on http://localhost:3000
2025-07-16 11:29:34 | INFO | Server running on http://localhost:3000
2025-07-16 11:29:36 | INFO | Server running on http://localhost:3000
2025-07-16 11:29:38 | INFO | Server running on http://localhost:3000
2025-07-16 11:29:38 | INFO | Server running on http://localhost:3000
2025-07-16 11:29:40 | INFO | Server running on http://localhost:3000
2025-07-16 11:29:41 | INFO | Server running on http://localhost:3000
2025-07-16 11:31:39 | INFO | Server running on http://localhost:3000
2025-07-16 11:31:41 | INFO | Server running on http://localhost:3000
2025-07-16 11:32:04 | INFO | Server running on http://localhost:3000
2025-07-16 11:32:40 | INFO | Server running on http://localhost:3000
2025-07-16 11:32:43 | INFO | Server running on http://localhost:3000
2025-07-16 11:32:46 | INFO | Server running on http://localhost:3000
2025-07-16 11:32:47 | INFO | Server running on http://localhost:3000
2025-07-16 11:32:48 | INFO | Server running on http://localhost:3000
2025-07-16 11:32:50 | INFO | Server running on http://localhost:3000
2025-07-16 11:32:50 | INFO | Server running on http://localhost:3000
2025-07-16 11:32:54 | INFO | Server running on http://localhost:3000
2025-07-16 11:33:06 | INFO | Server running on http://localhost:3000
2025-07-16 11:33:07 | INFO | Server running on http://localhost:3000
2025-07-16 11:33:11 | INFO | Server running on http://localhost:3000
2025-07-16 11:33:13 | INFO | Server running on http://localhost:3000
2025-07-16 11:33:15 | INFO | Server running on http://localhost:3000
2025-07-16 11:33:18 | INFO | Server running on http://localhost:3000
2025-07-16 11:33:28 | INFO | Server running on http://localhost:3000
2025-07-16 11:33:30 | INFO | Server running on http://localhost:3000
2025-07-16 11:33:31 | INFO | Server running on http://localhost:3000
2025-07-16 11:33:33 | INFO | Server running on http://localhost:3000
2025-07-16 11:33:35 | INFO | Server running on http://localhost:3000
2025-07-16 11:33:36 | INFO | Server running on http://localhost:3000
2025-07-16 11:33:38 | INFO | Server running on http://localhost:3000
2025-07-16 11:33:40 | INFO | Server running on http://localhost:3000
2025-07-16 11:33:41 | INFO | Server running on http://localhost:3000
2025-07-16 11:33:41 | INFO | Server running on http://localhost:3000
2025-07-16 11:33:43 | INFO | Server running on http://localhost:3000
2025-07-16 11:33:44 | INFO | Server running on http://localhost:3000
2025-07-16 11:33:51 | INFO | Server running on http://localhost:3000
2025-07-16 11:33:53 | INFO | Server running on http://localhost:3000
2025-07-16 11:33:54 | INFO | Server running on http://localhost:3000
2025-07-16 11:33:55 | INFO | Server running on http://localhost:3000
2025-07-16 11:33:56 | INFO | Server running on http://localhost:3000
2025-07-16 11:33:58 | INFO | Server running on http://localhost:3000
2025-07-16 11:34:00 | INFO | Server running on http://localhost:3000
2025-07-16 11:34:01 | INFO | Server running on http://localhost:3000
2025-07-16 11:34:14 | INFO | Server running on http://localhost:3000
2025-07-16 11:34:16 | INFO | Server running on http://localhost:3000
2025-07-16 11:34:18 | INFO | Server running on http://localhost:3000
2025-07-16 11:34:32 | INFO | Server running on http://localhost:3000
2025-07-16 11:34:33 | INFO | Server running on http://localhost:3000
2025-07-16 11:34:34 | INFO | Server running on http://localhost:3000
2025-07-16 11:34:36 | INFO | Server running on http://localhost:3000
2025-07-16 11:34:37 | INFO | Server running on http://localhost:3000
2025-07-16 11:34:37 | INFO | Server running on http://localhost:3000
2025-07-16 11:34:40 | INFO | Server running on http://localhost:3000
2025-07-16 11:34:41 | INFO | Server running on http://localhost:3000
2025-07-16 11:34:43 | INFO | Server running on http://localhost:3000
2025-07-16 11:34:44 | INFO | Server running on http://localhost:3000
2025-07-16 11:34:45 | INFO | Server running on http://localhost:3000
2025-07-16 11:34:46 | INFO | Server running on http://localhost:3000
2025-07-16 11:34:47 | INFO | Server running on http://localhost:3000
2025-07-16 11:36:03 | INFO | Server running on http://localhost:3000
2025-07-16 11:36:27 | INFO | Server running on http://localhost:3000
2025-07-16 11:39:24 | INFO | Server running on http://localhost:3000
2025-07-16 11:39:59 | INFO | Server running on http://localhost:3000
2025-07-16 11:40:16 | INFO | Server running on http://localhost:3000
2025-07-16 11:40:17 | INFO | Server running on http://localhost:3000
2025-07-16 11:40:18 | INFO | Server running on http://localhost:3000
2025-07-16 11:40:20 | INFO | Server running on http://localhost:3000
2025-07-16 11:40:21 | INFO | Server running on http://localhost:3000
2025-07-16 11:40:22 | INFO | Server running on http://localhost:3000
2025-07-16 11:40:23 | INFO | Server running on http://localhost:3000
2025-07-16 11:40:24 | INFO | Server running on http://localhost:3000
2025-07-16 11:40:25 | INFO | Server running on http://localhost:3000
2025-07-16 11:40:26 | INFO | Server running on http://localhost:3000
2025-07-16 11:40:29 | INFO | Server running on http://localhost:3000
2025-07-16 11:40:30 | INFO | Server running on http://localhost:3000
2025-07-16 11:40:31 | INFO | Server running on http://localhost:3000
2025-07-16 11:40:33 | INFO | Server running on http://localhost:3000
2025-07-16 11:40:34 | INFO | Server running on http://localhost:3000
2025-07-16 11:40:37 | INFO | Server running on http://localhost:3000
2025-07-16 11:41:11 | INFO | Server running on http://localhost:3000
2025-07-16 11:41:12 | INFO | Server running on http://localhost:3000
2025-07-16 11:41:14 | INFO | Server running on http://localhost:3000
2025-07-16 11:41:17 | INFO | Server running on http://localhost:3000
2025-07-16 11:41:18 | INFO | Server running on http://localhost:3000
2025-07-16 11:41:19 | INFO | Server running on http://localhost:3000
2025-07-16 11:41:20 | INFO | Server running on http://localhost:3000
2025-07-16 11:41:21 | INFO | Server running on http://localhost:3000
2025-07-16 11:41:25 | INFO | Server running on http://localhost:3000
2025-07-16 11:41:27 | INFO | Server running on http://localhost:3000
2025-07-16 11:41:27 | INFO | Server running on http://localhost:3000
2025-07-16 11:41:29 | INFO | Server running on http://localhost:3000
2025-07-16 11:41:31 | INFO | Server running on http://localhost:3000
2025-07-16 11:41:32 | INFO | Server running on http://localhost:3000
2025-07-16 11:41:34 | INFO | Server running on http://localhost:3000
2025-07-16 11:41:35 | INFO | Server running on http://localhost:3000
2025-07-16 11:41:36 | INFO | Server running on http://localhost:3000
2025-07-16 11:41:39 | INFO | Server running on http://localhost:3000
2025-07-16 11:41:40 | INFO | Server running on http://localhost:3000
2025-07-16 11:41:41 | INFO | Server running on http://localhost:3000
2025-07-16 11:41:42 | INFO | Server running on http://localhost:3000
2025-07-16 11:41:44 | INFO | Server running on http://localhost:3000
2025-07-16 11:41:45 | INFO | Server running on http://localhost:3000
2025-07-16 11:41:46 | INFO | Server running on http://localhost:3000
2025-07-16 11:41:54 | INFO | Server running on http://localhost:3000
2025-07-16 11:41:57 | INFO | Server running on http://localhost:3000
2025-07-16 11:41:57 | INFO | Server running on http://localhost:3000
2025-07-16 11:41:59 | INFO | Server running on http://localhost:3000
2025-07-16 11:41:59 | INFO | Server running on http://localhost:3000
2025-07-16 11:42:01 | INFO | Server running on http://localhost:3000
2025-07-16 11:42:02 | INFO | Server running on http://localhost:3000
2025-07-16 11:42:05 | INFO | Server running on http://localhost:3000
2025-07-16 11:42:06 | INFO | Server running on http://localhost:3000
2025-07-16 11:42:09 | INFO | Server running on http://localhost:3000
2025-07-16 11:42:10 | INFO | Server running on http://localhost:3000
2025-07-16 11:42:17 | INFO | Server running on http://localhost:3000
2025-07-16 11:42:18 | INFO | Server running on http://localhost:3000
2025-07-16 11:42:22 | INFO | Server running on http://localhost:3000
2025-07-16 11:42:24 | INFO | Server running on http://localhost:3000
2025-07-16 11:42:25 | INFO | Server running on http://localhost:3000
2025-07-16 11:42:27 | INFO | Server running on http://localhost:3000
2025-07-16 11:42:28 | INFO | Server running on http://localhost:3000
2025-07-16 11:42:29 | INFO | Server running on http://localhost:3000
2025-07-16 11:42:34 | INFO | Server running on http://localhost:3000
2025-07-16 11:42:36 | INFO | Server running on http://localhost:3000
2025-07-16 11:42:38 | INFO | Server running on http://localhost:3000
2025-07-16 11:42:39 | INFO | Server running on http://localhost:3000
2025-07-16 11:42:41 | INFO | Server running on http://localhost:3000
2025-07-16 11:42:43 | INFO | Server running on http://localhost:3000
2025-07-16 11:42:45 | INFO | Server running on http://localhost:3000
2025-07-16 11:42:46 | INFO | Server running on http://localhost:3000
2025-07-16 11:42:47 | INFO | Server running on http://localhost:3000
2025-07-16 11:42:48 | INFO | Server running on http://localhost:3000
2025-07-16 11:42:49 | INFO | Server running on http://localhost:3000
2025-07-16 11:42:50 | INFO | Server running on http://localhost:3000
2025-07-16 11:42:51 | INFO | Server running on http://localhost:3000
2025-07-16 11:42:52 | INFO | Server running on http://localhost:3000
2025-07-16 11:42:53 | INFO | Server running on http://localhost:3000
2025-07-16 11:42:54 | INFO | Server running on http://localhost:3000
2025-07-16 11:42:55 | INFO | Server running on http://localhost:3000
2025-07-16 11:42:59 | INFO | Server running on http://localhost:3000
2025-07-16 11:43:00 | INFO | Server running on http://localhost:3000
2025-07-16 11:43:01 | INFO | Server running on http://localhost:3000
2025-07-16 11:43:02 | INFO | Server running on http://localhost:3000
2025-07-16 11:43:03 | INFO | Server running on http://localhost:3000
2025-07-16 11:43:04 | INFO | Server running on http://localhost:3000
2025-07-16 11:43:05 | INFO | Server running on http://localhost:3000
2025-07-16 11:43:06 | INFO | Server running on http://localhost:3000
2025-07-16 11:43:07 | INFO | Server running on http://localhost:3000
2025-07-16 11:43:08 | INFO | Server running on http://localhost:3000
2025-07-16 11:43:10 | INFO | Server running on http://localhost:3000
2025-07-16 11:43:12 | INFO | Server running on http://localhost:3000
2025-07-16 11:43:14 | INFO | Server running on http://localhost:3000
2025-07-16 11:43:19 | INFO | Server running on http://localhost:3000
2025-07-16 11:43:20 | INFO | Server running on http://localhost:3000
2025-07-16 11:43:21 | INFO | Server running on http://localhost:3000
2025-07-16 11:43:26 | INFO | Server running on http://localhost:3000
2025-07-16 11:43:28 | INFO | Server running on http://localhost:3000
2025-07-16 11:43:29 | INFO | Server running on http://localhost:3000
2025-07-16 11:43:31 | INFO | Server running on http://localhost:3000
2025-07-16 11:43:32 | INFO | Server running on http://localhost:3000
2025-07-16 11:43:34 | INFO | Server running on http://localhost:3000
2025-07-16 11:43:35 | INFO | Server running on http://localhost:3000
2025-07-16 11:43:37 | INFO | Server running on http://localhost:3000
2025-07-16 11:43:39 | INFO | Server running on http://localhost:3000
2025-07-16 11:43:41 | INFO | Server running on http://localhost:3000
2025-07-16 11:43:42 | INFO | Server running on http://localhost:3000
2025-07-16 11:43:43 | INFO | Server running on http://localhost:3000
2025-07-16 11:43:45 | INFO | Server running on http://localhost:3000
2025-07-16 11:43:45 | INFO | Server running on http://localhost:3000
2025-07-16 11:43:47 | INFO | Server running on http://localhost:3000
2025-07-16 11:43:48 | INFO | Server running on http://localhost:3000
2025-07-16 11:43:50 | INFO | Server running on http://localhost:3000
2025-07-16 11:43:51 | INFO | Server running on http://localhost:3000
2025-07-16 11:43:53 | INFO | Server running on http://localhost:3000
2025-07-16 11:43:54 | INFO | Server running on http://localhost:3000
2025-07-16 11:44:27 | INFO | Server running on http://localhost:3000
2025-07-16 11:44:27 | INFO | Server running on http://localhost:3000
2025-07-16 11:47:00 | INFO | Server running on http://localhost:3000
2025-07-16 11:47:01 | INFO | Server running on http://localhost:3000
2025-07-16 11:47:03 | INFO | Server running on http://localhost:3000
2025-07-16 11:47:05 | INFO | Server running on http://localhost:3000
2025-07-16 11:47:06 | INFO | Server running on http://localhost:3000
2025-07-16 11:47:08 | INFO | Server running on http://localhost:3000
2025-07-16 11:47:10 | INFO | Server running on http://localhost:3000
2025-07-16 11:47:12 | INFO | Server running on http://localhost:3000
2025-07-16 11:47:18 | INFO | Server running on http://localhost:3000
2025-07-16 11:47:19 | INFO | Server running on http://localhost:3000
2025-07-16 11:47:23 | INFO | Server running on http://localhost:3000
2025-07-16 11:47:26 | INFO | Server running on http://localhost:3000
2025-07-16 11:47:28 | INFO | Server running on http://localhost:3000
2025-07-16 11:47:28 | INFO | Server running on http://localhost:3000
2025-07-16 11:47:34 | INFO | Server running on http://localhost:3000
2025-07-16 11:47:36 | INFO | Server running on http://localhost:3000
2025-07-16 11:47:37 | INFO | Server running on http://localhost:3000
2025-07-16 11:47:39 | INFO | Server running on http://localhost:3000
2025-07-16 11:47:41 | INFO | Server running on http://localhost:3000
2025-07-16 11:47:43 | INFO | Server running on http://localhost:3000
2025-07-16 11:47:44 | INFO | Server running on http://localhost:3000
2025-07-16 11:47:45 | INFO | Server running on http://localhost:3000
2025-07-16 11:47:50 | INFO | Server running on http://localhost:3000
2025-07-16 11:47:55 | INFO | Server running on http://localhost:3000
2025-07-16 11:47:58 | INFO | Server running on http://localhost:3000
2025-07-16 11:48:02 | INFO | Server running on http://localhost:3000
2025-07-16 11:48:03 | INFO | Server running on http://localhost:3000
2025-07-16 11:48:05 | INFO | Server running on http://localhost:3000
2025-07-16 11:48:06 | INFO | Server running on http://localhost:3000
2025-07-16 11:48:08 | INFO | Server running on http://localhost:3000
2025-07-16 11:48:09 | INFO | Server running on http://localhost:3000
2025-07-16 11:48:10 | INFO | Server running on http://localhost:3000
2025-07-16 11:48:11 | INFO | Server running on http://localhost:3000
2025-07-16 11:48:13 | INFO | Server running on http://localhost:3000
2025-07-16 11:48:14 | INFO | Server running on http://localhost:3000
2025-07-16 11:48:15 | INFO | Server running on http://localhost:3000
2025-07-16 11:48:17 | INFO | Server running on http://localhost:3000
2025-07-16 11:48:18 | INFO | Server running on http://localhost:3000
2025-07-16 11:48:19 | INFO | Server running on http://localhost:3000
2025-07-16 11:48:22 | INFO | Server running on http://localhost:3000
2025-07-16 11:48:29 | INFO | Server running on http://localhost:3000
2025-07-16 11:48:31 | INFO | Server running on http://localhost:3000
2025-07-16 11:48:38 | INFO | Server running on http://localhost:3000
2025-07-16 11:48:40 | INFO | Server running on http://localhost:3000
2025-07-16 11:48:49 | INFO | Server running on http://localhost:3000
2025-07-16 11:48:50 | INFO | Server running on http://localhost:3000
2025-07-16 11:48:51 | INFO | Server running on http://localhost:3000
2025-07-16 11:48:52 | INFO | Server running on http://localhost:3000
2025-07-16 11:48:53 | INFO | Server running on http://localhost:3000
2025-07-16 11:48:55 | INFO | Server running on http://localhost:3000
2025-07-16 11:48:56 | INFO | Server running on http://localhost:3000
2025-07-16 11:49:00 | INFO | Server running on http://localhost:3000
2025-07-16 11:49:01 | INFO | Server running on http://localhost:3000
2025-07-16 11:49:05 | INFO | Server running on http://localhost:3000
2025-07-16 11:49:06 | INFO | Server running on http://localhost:3000
2025-07-16 11:49:07 | INFO | Server running on http://localhost:3000
2025-07-16 11:49:07 | INFO | Server running on http://localhost:3000
2025-07-16 11:49:08 | INFO | Server running on http://localhost:3000
2025-07-16 11:49:17 | INFO | Server running on http://localhost:3000
2025-07-16 11:49:18 | INFO | Server running on http://localhost:3000
2025-07-16 11:49:19 | INFO | Server running on http://localhost:3000
2025-07-16 11:49:20 | INFO | Server running on http://localhost:3000
2025-07-16 11:49:23 | INFO | Server running on http://localhost:3000
2025-07-16 11:49:25 | INFO | Server running on http://localhost:3000
2025-07-16 11:49:26 | INFO | Server running on http://localhost:3000
2025-07-16 11:49:27 | INFO | Server running on http://localhost:3000
2025-07-16 11:49:28 | INFO | Server running on http://localhost:3000
2025-07-16 11:49:31 | INFO | Server running on http://localhost:3000
2025-07-16 11:49:32 | INFO | Server running on http://localhost:3000
2025-07-16 11:49:33 | INFO | Server running on http://localhost:3000
2025-07-16 11:49:34 | INFO | Server running on http://localhost:3000
2025-07-16 11:49:36 | INFO | Server running on http://localhost:3000
2025-07-16 11:49:37 | INFO | Server running on http://localhost:3000
2025-07-16 11:49:38 | INFO | Server running on http://localhost:3000
2025-07-16 11:49:39 | INFO | Server running on http://localhost:3000
2025-07-16 11:49:50 | INFO | Server running on http://localhost:3000
2025-07-16 11:49:53 | INFO | Server running on http://localhost:3000
2025-07-16 11:49:55 | INFO | Server running on http://localhost:3000
2025-07-16 11:50:07 | INFO | Server running on http://localhost:3000
2025-07-16 11:54:48 | INFO | Server running on http://localhost:3000
2025-07-16 11:54:51 | INFO | Server running on http://localhost:3000
2025-07-16 11:54:52 | INFO | Server running on http://localhost:3000
2025-07-16 11:54:53 | INFO | Server running on http://localhost:3000
2025-07-16 11:54:54 | INFO | Server running on http://localhost:3000
2025-07-16 11:55:09 | INFO | Server running on http://localhost:3000
2025-07-16 11:55:12 | INFO | Server running on http://localhost:3000
2025-07-16 12:02:19 | INFO | Server running on http://localhost:3000
2025-07-16 12:11:38 | INFO | Server running on http://localhost:3000
2025-07-16 12:16:20 | INFO | Server running on http://localhost:3000
2025-07-16 12:16:28 | INFO | Server running on http://localhost:3000
2025-07-16 12:16:46 | INFO | Server running on http://localhost:3000
2025-07-16 12:16:52 | INFO | Server running on http://localhost:3000
2025-07-16 12:17:13 | INFO | Server running on http://localhost:3000
2025-07-16 12:17:21 | INFO | Server running on http://localhost:3000
2025-07-16 12:17:38 | INFO | Server running on http://localhost:3000
2025-07-16 12:17:40 | INFO | Server running on http://localhost:3000
2025-07-16 12:17:43 | INFO | Server running on http://localhost:3000
2025-07-16 12:17:44 | INFO | Server running on http://localhost:3000
2025-07-16 12:17:46 | INFO | Server running on http://localhost:3000
2025-07-16 12:17:46 | INFO | Server running on http://localhost:3000
2025-07-16 12:17:48 | INFO | Server running on http://localhost:3000
2025-07-16 12:17:54 | INFO | Server running on http://localhost:3000
2025-07-16 12:17:57 | INFO | Server running on http://localhost:3000
2025-07-16 12:17:58 | INFO | Server running on http://localhost:3000
2025-07-16 12:42:02 | INFO | Server running on http://localhost:3000
2025-07-16 12:43:35 | INFO | Server running on http://localhost:3000
2025-07-16 12:43:38 | INFO | Server running on http://localhost:3000
2025-07-16 12:43:39 | INFO | Server running on http://localhost:3000
2025-07-16 12:43:42 | INFO | Server running on http://localhost:3000
2025-07-16 12:43:43 | INFO | Server running on http://localhost:3000
2025-07-16 12:43:44 | INFO | Server running on http://localhost:3000
2025-07-16 12:43:46 | INFO | Server running on http://localhost:3000
2025-07-16 12:43:48 | INFO | Server running on http://localhost:3000
2025-07-16 12:43:49 | INFO | Server running on http://localhost:3000
2025-07-16 12:43:50 | INFO | Server running on http://localhost:3000
2025-07-16 12:43:52 | INFO | Server running on http://localhost:3000
2025-07-16 12:43:53 | INFO | Server running on http://localhost:3000
2025-07-16 12:43:55 | INFO | Server running on http://localhost:3000
2025-07-16 12:43:56 | INFO | Server running on http://localhost:3000
2025-07-16 12:44:02 | INFO | Server running on http://localhost:3000
2025-07-16 12:44:27 | INFO | POST /api/users/signup
2025-07-16 12:47:38 | INFO | Server running on http://localhost:3000
2025-07-16 12:50:05 | INFO | Server running on http://localhost:3000
2025-07-16 12:50:07 | INFO | Server running on http://localhost:3000
2025-07-16 12:50:17 | INFO | POST /api/users/signup
2025-07-16 12:51:57 | INFO | Server running on http://localhost:3000
2025-07-16 12:52:08 | INFO | POST /api/users/signup
2025-07-16 12:52:20 | INFO | Server running on http://localhost:3000
2025-07-16 12:52:27 | INFO | Server running on http://localhost:3000
2025-07-16 12:52:32 | INFO | POST /api/users/signup
2025-07-16 12:52:53 | INFO | POST /api/v1/users/signup
2025-07-16 12:56:04 | INFO | POST /api/v1/users/signup
2025-07-16 12:57:44 | INFO | POST /api/v1/users/signup
2025-07-16 12:59:19 | INFO | Server running on http://localhost:3000
2025-07-16 12:59:23 | INFO | POST /api/v1/users/signup
2025-07-16 13:03:34 | INFO | Server running on http://localhost:3000
2025-07-16 13:03:39 | INFO | Server running on http://localhost:3000
2025-07-16 13:03:41 | INFO | Server running on http://localhost:3000
2025-07-16 13:03:43 | INFO | Server running on http://localhost:3000
2025-07-16 13:03:44 | INFO | Server running on http://localhost:3000
2025-07-16 13:04:15 | INFO | Server running on http://localhost:3000
2025-07-16 13:04:15 | INFO | Server running on http://localhost:3000
2025-07-16 13:04:17 | INFO | Server running on http://localhost:3000
2025-07-16 13:04:18 | INFO | Server running on http://localhost:3000
2025-07-16 13:04:21 | INFO | POST /api/v1/users/signup
2025-07-16 13:06:09 | INFO | Server running on http://localhost:3000
2025-07-16 13:06:12 | INFO | POST /api/v1/users/signup
2025-07-16 13:09:20 | INFO | Server running on http://localhost:3000
2025-07-16 13:09:21 | INFO | Server running on http://localhost:3000
2025-07-16 13:09:33 | INFO | Server running on http://localhost:3000
2025-07-16 13:09:38 | INFO | Server running on http://localhost:3000
2025-07-16 13:09:46 | INFO | POST /api/v1/users/signup
2025-07-16 13:13:31 | INFO | Server running on http://localhost:3000
2025-07-16 13:13:33 | INFO | Server running on http://localhost:3000
2025-07-16 13:13:34 | INFO | Server running on http://localhost:3000
2025-07-16 13:15:22 | INFO | Server running on http://localhost:3000
2025-07-16 13:15:35 | INFO | Server running on http://localhost:3000
2025-07-16 13:15:36 | INFO | Server running on http://localhost:3000
2025-07-16 13:15:37 | INFO | Server running on http://localhost:3000
2025-07-16 13:15:38 | INFO | Server running on http://localhost:3000
2025-07-16 13:15:39 | INFO | Server running on http://localhost:3000
2025-07-16 13:15:39 | INFO | Server running on http://localhost:3000
2025-07-16 13:15:40 | INFO | Server running on http://localhost:3000
2025-07-16 13:15:43 | INFO | Server running on http://localhost:3000
2025-07-16 13:15:44 | INFO | Server running on http://localhost:3000
2025-07-16 13:15:45 | INFO | Server running on http://localhost:3000
2025-07-16 13:15:46 | INFO | Server running on http://localhost:3000
2025-07-16 13:15:48 | INFO | Server running on http://localhost:3000
2025-07-16 13:15:51 | INFO | Server running on http://localhost:3000
2025-07-16 13:15:52 | INFO | Server running on http://localhost:3000
2025-07-16 13:15:54 | INFO | Server running on http://localhost:3000
2025-07-16 13:15:55 | INFO | Server running on http://localhost:3000
2025-07-16 13:15:57 | INFO | Server running on http://localhost:3000
2025-07-16 13:15:58 | INFO | Server running on http://localhost:3000
2025-07-16 13:15:59 | INFO | Server running on http://localhost:3000
2025-07-16 13:16:00 | INFO | Server running on http://localhost:3000
2025-07-16 13:16:03 | INFO | Server running on http://localhost:3000
2025-07-16 13:16:05 | INFO | Server running on http://localhost:3000
2025-07-16 13:16:06 | INFO | Server running on http://localhost:3000
2025-07-16 13:16:08 | INFO | Server running on http://localhost:3000
2025-07-16 13:16:09 | INFO | Server running on http://localhost:3000
2025-07-16 13:16:19 | INFO | Server running on http://localhost:3000
2025-07-16 13:16:22 | INFO | Server running on http://localhost:3000
2025-07-16 13:16:32 | INFO | Server running on http://localhost:3000
2025-07-16 13:16:33 | INFO | Server running on http://localhost:3000
2025-07-16 13:16:35 | INFO | Server running on http://localhost:3000
2025-07-16 13:16:36 | INFO | Server running on http://localhost:3000
2025-07-16 13:16:37 | INFO | Server running on http://localhost:3000
2025-07-16 13:16:37 | INFO | Server running on http://localhost:3000
2025-07-16 13:16:41 | INFO | Server running on http://localhost:3000
2025-07-16 13:16:43 | INFO | Server running on http://localhost:3000
2025-07-16 13:16:46 | INFO | Server running on http://localhost:3000
2025-07-16 13:16:47 | INFO | Server running on http://localhost:3000
2025-07-16 13:16:48 | INFO | Server running on http://localhost:3000
2025-07-16 13:16:49 | INFO | Server running on http://localhost:3000
2025-07-16 13:16:50 | INFO | Server running on http://localhost:3000
2025-07-16 13:17:10 | INFO | Server running on http://localhost:3000
2025-07-16 13:17:18 | INFO | Server running on http://localhost:3000
2025-07-16 13:17:30 | INFO | Server running on http://localhost:3000
2025-07-16 13:17:33 | INFO | Server running on http://localhost:3000
2025-07-16 13:17:54 | INFO | Server running on http://localhost:3000
2025-07-16 13:17:56 | INFO | Server running on http://localhost:3000
2025-07-16 13:17:59 | INFO | Server running on http://localhost:3000
2025-07-16 13:18:43 | INFO | Server running on http://localhost:3000
2025-07-16 13:18:44 | INFO | Server running on http://localhost:3000
2025-07-16 13:18:56 | INFO | Server running on http://localhost:3000
2025-07-16 13:18:57 | INFO | Server running on http://localhost:3000
2025-07-16 13:19:01 | INFO | Server running on http://localhost:3000
2025-07-16 13:19:02 | INFO | Server running on http://localhost:3000
2025-07-16 13:19:04 | INFO | Server running on http://localhost:3000
2025-07-16 13:19:07 | INFO | POST /api/v1/users/signup
2025-07-16 13:19:21 | INFO | POST /api/v1/users/signup
2025-07-16 13:20:43 | INFO | POST /api/v1/users/signup
2025-07-16 13:21:30 | INFO | Server running on http://localhost:3000
2025-07-16 13:21:31 | INFO | Server running on http://localhost:3000
2025-07-16 13:21:33 | INFO | Server running on http://localhost:3000
2025-07-16 13:21:34 | INFO | Server running on http://localhost:3000
2025-07-16 13:21:36 | INFO | Server running on http://localhost:3000
2025-07-16 13:21:45 | INFO | Server running on http://localhost:3000
2025-07-16 13:21:48 | INFO | Server running on http://localhost:3000
2025-07-16 13:21:50 | INFO | Server running on http://localhost:3000
2025-07-16 13:21:53 | INFO | Server running on http://localhost:3000
2025-07-16 13:21:55 | INFO | Server running on http://localhost:3000
2025-07-16 13:21:55 | INFO | Server running on http://localhost:3000
2025-07-16 13:21:57 | INFO | Server running on http://localhost:3000
2025-07-16 13:22:00 | INFO | Server running on http://localhost:3000
2025-07-16 13:23:57 | INFO | Server running on http://localhost:3000
2025-07-16 13:23:59 | INFO | Server running on http://localhost:3000
2025-07-16 13:24:00 | INFO | Server running on http://localhost:3000
2025-07-16 13:24:01 | INFO | Server running on http://localhost:3000
2025-07-16 13:24:02 | INFO | Server running on http://localhost:3000
2025-07-16 13:24:03 | INFO | Server running on http://localhost:3000
2025-07-16 13:24:10 | INFO | Server running on http://localhost:3000
2025-07-16 13:24:11 | INFO | Server running on http://localhost:3000
2025-07-16 13:24:13 | INFO | Server running on http://localhost:3000
2025-07-16 13:24:17 | INFO | Server running on http://localhost:3000
2025-07-16 13:24:19 | INFO | Server running on http://localhost:3000
2025-07-16 13:24:20 | INFO | Server running on http://localhost:3000
2025-07-16 13:24:21 | INFO | Server running on http://localhost:3000
2025-07-16 13:24:27 | INFO | Server running on http://localhost:3000
2025-07-16 13:24:35 | INFO | Server running on http://localhost:3000
2025-07-16 13:26:11 | INFO | Server running on http://localhost:3000
2025-07-16 13:26:24 | INFO | Server running on http://localhost:3000
2025-07-16 13:26:25 | INFO | Server running on http://localhost:3000
2025-07-16 13:26:28 | INFO | Server running on http://localhost:3000
2025-07-16 13:27:03 | INFO | Server running on http://localhost:3000
2025-07-16 13:27:12 | INFO | Server running on http://localhost:3000
2025-07-16 13:27:14 | INFO | Server running on http://localhost:3000
2025-07-16 13:27:15 | INFO | Server running on http://localhost:3000
2025-07-16 13:30:19 | INFO | Server running on http://localhost:3000
2025-07-16 13:30:24 | INFO | POST /api/v1/users/signup
2025-07-16 13:36:14 | INFO | Server running on http://localhost:3000
2025-07-16 13:36:15 | INFO | Server running on http://localhost:3000
2025-07-16 13:36:17 | INFO | Server running on http://localhost:3000
2025-07-16 13:36:51 | INFO | Server running on http://localhost:3000
2025-07-16 13:37:00 | INFO | POST /api/v1/users/signup
2025-07-16 13:41:19 | INFO | Server running on http://localhost:3000
2025-07-16 13:41:25 | INFO | POST /api/v1/users/signup
2025-07-16 13:41:51 | INFO | Server running on http://localhost:3000
2025-07-16 13:41:57 | INFO | Server running on http://localhost:3000
2025-07-16 13:42:01 | INFO | Server running on http://localhost:3000
2025-07-16 13:42:03 | INFO | Server running on http://localhost:3000
2025-07-16 13:42:10 | INFO | Server running on http://localhost:3000
2025-07-16 13:44:18 | INFO | Server running on http://localhost:3000
2025-07-16 13:44:28 | INFO | POST /api/v1/users/signup
2025-07-16 13:45:14 | INFO | POST /api/v1/users/signup
2025-07-16 13:46:13 | INFO | GET /upload/1752662714215-862096290.png
2025-07-16 13:46:13 | INFO | GET /favicon.ico
2025-07-16 13:46:26 | INFO | GET /upload/1752662714215-862096290.png
2025-07-16 13:47:42 | INFO | Server running on http://localhost:3000
2025-07-16 13:47:43 | INFO | Server running on http://localhost:3000
2025-07-16 13:47:45 | INFO | Server running on http://localhost:3000
2025-07-16 13:47:52 | INFO | GET /upload/1752662714215-862096290.png
2025-07-16 13:48:09 | INFO | GET /upload/1752662714215-862096290.png
2025-07-16 13:49:05 | INFO | Server running on http://localhost:3000
2025-07-16 13:49:05 | INFO | Server running on http://localhost:3000
2025-07-16 13:49:09 | INFO | Server running on http://localhost:3000
2025-07-16 13:51:47 | INFO | Server running on http://localhost:3000
2025-07-16 13:51:48 | INFO | Server running on http://localhost:3000
2025-07-16 13:51:49 | INFO | Server running on http://localhost:3000
2025-07-16 13:51:53 | INFO | Server running on http://localhost:3000
2025-07-16 13:51:55 | INFO | Server running on http://localhost:3000
2025-07-16 13:51:58 | INFO | Server running on http://localhost:3000
2025-07-16 13:52:03 | INFO | GET /upload/1752662714215-862096290.png
2025-07-16 13:52:19 | INFO | GET /upload/1752662714215-862096290.png
2025-07-16 13:53:19 | INFO | Server running on http://localhost:3000
2025-07-16 14:03:35 | INFO | Server running on http://localhost:3000
2025-07-16 14:03:41 | INFO | Server running on http://localhost:3000
2025-07-16 14:04:57 | INFO | Server running on http://localhost:3000
2025-07-16 14:05:03 | INFO | POST /api/v1/users/signup
2025-07-16 14:05:11 | INFO | POST /api/v1/users/signup
2025-07-16 14:05:45 | INFO | Server running on http://localhost:3000
2025-07-16 14:05:50 | INFO | Server running on http://localhost:3000
2025-07-16 14:05:53 | INFO | POST /api/v1/users/signup
2025-07-16 14:06:14 | INFO | POST /api/v1/users/signup
2025-07-16 14:07:10 | INFO | POST /api/v1/users/signup
2025-07-16 14:08:30 | INFO | Server running on http://localhost:3000
2025-07-16 14:08:30 | INFO | Server running on http://localhost:3000
2025-07-16 14:08:36 | INFO | GET /uploads/1752662714215-862096290.png
2025-07-16 14:08:50 | INFO | POST /api/v1/users/signup
2025-07-16 14:09:11 | INFO | GET /uploads/images1752664130097-Screenshot-2025-07-01-201654.png
2025-07-16 14:09:23 | INFO | Server running on http://localhost:3000
2025-07-16 14:09:54 | INFO | POST /api/v1/users/signup
2025-07-16 14:12:27 | INFO | Server running on http://localhost:3000
2025-07-16 14:12:37 | INFO | Server running on http://localhost:3000
2025-07-16 14:12:41 | INFO | Server running on http://localhost:3000
2025-07-16 14:16:19 | INFO | Server running on http://localhost:3000
2025-07-16 14:16:39 | INFO | Server running on http://localhost:3000
2025-07-16 14:16:41 | INFO | Server running on http://localhost:3000
2025-07-16 14:16:42 | INFO | Server running on http://localhost:3000
2025-07-16 14:16:54 | INFO | Server running on http://localhost:3000
2025-07-16 14:17:01 | INFO | Server running on http://localhost:3000
2025-07-16 14:17:02 | INFO | Server running on http://localhost:3000
2025-07-16 14:17:03 | INFO | Server running on http://localhost:3000
2025-07-16 14:17:04 | INFO | Server running on http://localhost:3000
2025-07-16 14:17:06 | INFO | Server running on http://localhost:3000
2025-07-16 14:17:07 | INFO | Server running on http://localhost:3000
2025-07-16 14:17:08 | INFO | Server running on http://localhost:3000
2025-07-16 14:17:09 | INFO | Server running on http://localhost:3000
2025-07-16 14:17:31 | INFO | Server running on http://localhost:3000
2025-07-16 14:17:39 | INFO | Server running on http://localhost:3000
2025-07-16 14:17:40 | INFO | Server running on http://localhost:3000
2025-07-16 14:17:42 | INFO | Server running on http://localhost:3000
2025-07-16 14:17:45 | INFO | Server running on http://localhost:3000
2025-07-16 14:17:45 | INFO | Server running on http://localhost:3000
2025-07-16 14:17:59 | INFO | Server running on http://localhost:3000
2025-07-16 14:18:00 | INFO | Server running on http://localhost:3000
2025-07-16 14:18:01 | INFO | Server running on http://localhost:3000
2025-07-16 14:18:03 | INFO | Server running on http://localhost:3000
2025-07-16 14:18:04 | INFO | Server running on http://localhost:3000
2025-07-16 14:18:06 | INFO | Server running on http://localhost:3000
2025-07-16 14:18:08 | INFO | Server running on http://localhost:3000
2025-07-16 14:18:10 | INFO | Server running on http://localhost:3000
2025-07-16 14:18:13 | INFO | Server running on http://localhost:3000
2025-07-16 14:18:17 | INFO | Server running on http://localhost:3000
2025-07-16 14:18:19 | INFO | Server running on http://localhost:3000
2025-07-16 14:18:24 | INFO | Server running on http://localhost:3000
2025-07-16 14:18:34 | INFO | Server running on http://localhost:3000
2025-07-16 14:18:37 | INFO | Server running on http://localhost:3000
2025-07-16 14:18:38 | INFO | Server running on http://localhost:3000
2025-07-16 14:19:08 | INFO | Server running on http://localhost:3000
2025-07-16 14:19:47 | INFO | Server running on http://localhost:3000
2025-07-16 14:20:02 | INFO | Server running on http://localhost:3000
2025-07-16 14:20:30 | INFO | Server running on http://localhost:3000
2025-07-16 14:20:39 | INFO | Server running on http://localhost:3000
2025-07-16 14:20:42 | INFO | Server running on http://localhost:3000
2025-07-16 14:20:50 | INFO | Server running on http://localhost:3000
2025-07-16 14:20:51 | INFO | Server running on http://localhost:3000
2025-07-16 14:20:56 | INFO | Server running on http://localhost:3000
2025-07-16 14:20:57 | INFO | Server running on http://localhost:3000
2025-07-16 14:22:57 | INFO | Server running on http://localhost:3000
2025-07-16 14:23:34 | INFO | Server running on http://localhost:3000
2025-07-16 14:23:35 | INFO | Server running on http://localhost:3000
2025-07-16 14:23:36 | INFO | Server running on http://localhost:3000
2025-07-16 14:23:39 | INFO | Server running on http://localhost:3000
2025-07-16 14:23:41 | INFO | Server running on http://localhost:3000
2025-07-16 14:23:43 | INFO | Server running on http://localhost:3000
2025-07-16 14:23:45 | INFO | Server running on http://localhost:3000
2025-07-16 14:23:47 | INFO | Server running on http://localhost:3000
2025-07-16 14:23:48 | INFO | Server running on http://localhost:3000
2025-07-16 14:23:50 | INFO | Server running on http://localhost:3000
2025-07-16 14:23:51 | INFO | Server running on http://localhost:3000
2025-07-16 14:23:53 | INFO | Server running on http://localhost:3000
2025-07-16 14:23:58 | INFO | Server running on http://localhost:3000
2025-07-16 14:24:04 | INFO | Server running on http://localhost:3000
2025-07-16 14:24:07 | INFO | Server running on http://localhost:3000
2025-07-16 14:24:10 | INFO | Server running on http://localhost:3000
2025-07-16 14:24:21 | INFO | Server running on http://localhost:3000
2025-07-16 14:26:09 | INFO | Server running on http://localhost:3000
2025-07-16 14:26:10 | INFO | Server running on http://localhost:3000
2025-07-16 14:26:31 | INFO | Server running on http://localhost:3000
2025-07-16 14:26:32 | INFO | Server running on http://localhost:3000
2025-07-16 14:26:33 | INFO | Server running on http://localhost:3000
2025-07-16 14:26:42 | INFO | Server running on http://localhost:3000
2025-07-16 14:26:44 | INFO | Server running on http://localhost:3000
2025-07-16 14:26:46 | INFO | Server running on http://localhost:3000
2025-07-16 14:26:50 | INFO | Server running on http://localhost:3000
2025-07-16 14:26:50 | INFO | Server running on http://localhost:3000
2025-07-16 14:26:54 | INFO | Server running on http://localhost:3000
2025-07-16 14:26:56 | INFO | Server running on http://localhost:3000
2025-07-16 14:26:58 | INFO | Server running on http://localhost:3000
2025-07-16 14:26:59 | INFO | Server running on http://localhost:3000
2025-07-16 14:27:01 | INFO | Server running on http://localhost:3000
2025-07-16 14:27:14 | INFO | Server running on http://localhost:3000
2025-07-16 14:27:15 | INFO | Server running on http://localhost:3000
2025-07-16 14:27:16 | INFO | Server running on http://localhost:3000
2025-07-16 14:27:18 | INFO | Server running on http://localhost:3000
2025-07-16 14:27:20 | INFO | Server running on http://localhost:3000
2025-07-16 14:27:21 | INFO | Server running on http://localhost:3000
2025-07-16 14:27:22 | INFO | Server running on http://localhost:3000
2025-07-16 14:27:24 | INFO | Server running on http://localhost:3000
2025-07-16 14:27:33 | INFO | Server running on http://localhost:3000
2025-07-16 14:27:34 | INFO | Server running on http://localhost:3000
2025-07-16 14:27:37 | INFO | Server running on http://localhost:3000
2025-07-16 14:27:38 | INFO | Server running on http://localhost:3000
2025-07-16 14:27:39 | INFO | Server running on http://localhost:3000
2025-07-16 14:27:45 | INFO | Server running on http://localhost:3000
2025-07-16 14:27:46 | INFO | Server running on http://localhost:3000
2025-07-16 14:27:49 | INFO | Server running on http://localhost:3000
2025-07-16 14:27:56 | INFO | Server running on http://localhost:3000
2025-07-16 14:27:57 | INFO | Server running on http://localhost:3000
2025-07-16 14:27:58 | INFO | Server running on http://localhost:3000
2025-07-16 14:28:00 | INFO | Server running on http://localhost:3000
2025-07-16 14:28:01 | INFO | Server running on http://localhost:3000
2025-07-16 14:28:02 | INFO | Server running on http://localhost:3000
2025-07-16 14:28:05 | INFO | Server running on http://localhost:3000
2025-07-16 14:28:06 | INFO | Server running on http://localhost:3000
2025-07-16 14:28:08 | INFO | Server running on http://localhost:3000
2025-07-16 14:28:12 | INFO | Server running on http://localhost:3000
2025-07-16 14:28:12 | INFO | Server running on http://localhost:3000
2025-07-16 14:28:14 | INFO | Server running on http://localhost:3000
2025-07-16 14:28:18 | INFO | Server running on http://localhost:3000
2025-07-16 14:28:20 | INFO | Server running on http://localhost:3000
2025-07-16 14:28:28 | INFO | Server running on http://localhost:3000
2025-07-16 14:28:29 | INFO | Server running on http://localhost:3000
2025-07-16 14:28:30 | INFO | Server running on http://localhost:3000
2025-07-16 14:28:31 | INFO | Server running on http://localhost:3000
2025-07-16 14:28:34 | INFO | Server running on http://localhost:3000
2025-07-16 14:28:35 | INFO | Server running on http://localhost:3000
2025-07-16 14:28:36 | INFO | Server running on http://localhost:3000
2025-07-16 14:28:37 | INFO | Server running on http://localhost:3000
2025-07-16 14:28:39 | INFO | Server running on http://localhost:3000
2025-07-16 14:36:15 | INFO | Server running on http://localhost:3000
2025-07-16 14:36:17 | INFO | Server running on http://localhost:3000
2025-07-16 14:36:18 | INFO | Server running on http://localhost:3000
2025-07-16 14:36:23 | INFO | Server running on http://localhost:3000
2025-07-16 14:38:05 | INFO | Server running on http://localhost:3000
2025-07-16 14:38:07 | INFO | Server running on http://localhost:3000
2025-07-16 14:38:09 | INFO | Server running on http://localhost:3000
2025-07-16 14:38:11 | INFO | Server running on http://localhost:3000
2025-07-16 14:38:12 | INFO | Server running on http://localhost:3000
2025-07-16 14:38:14 | INFO | Server running on http://localhost:3000
2025-07-16 14:38:34 | INFO | Server running on http://localhost:3000
2025-07-16 14:41:03 | INFO | POST /api/v1/users/login
2025-07-16 14:41:14 | INFO | POST /api/v1/users/login
2025-07-16 14:42:58 | INFO | POST /api/v1/users/login
2025-07-16 14:43:04 | INFO | POST /api/v1/users/login
2025-07-16 14:44:56 | INFO | Server running on http://localhost:3000
2025-07-16 14:45:08 | INFO | Server running on http://localhost:3000
2025-07-16 14:45:25 | INFO | Server running on http://localhost:3000
2025-07-16 14:49:53 | INFO | Server running on http://localhost:3000
2025-07-16 14:49:57 | INFO | Server running on http://localhost:3000
2025-07-16 14:50:04 | INFO | Server running on http://localhost:3000
2025-07-16 14:51:05 | INFO | Server running on http://localhost:3000
2025-07-16 14:52:58 | INFO | Server running on http://localhost:3000
2025-07-16 14:53:15 | INFO | Server running on http://localhost:3000
2025-07-16 14:53:16 | INFO | Server running on http://localhost:3000
2025-07-16 15:05:15 | INFO | Server running on http://localhost:3000
2025-07-16 15:05:24 | INFO | POST /api/v1/users/login
2025-07-16 15:05:58 | INFO | GET /api/v1/users/profile
